<?xml version="1.0" encoding="UTF-8"?>
<testng-results skipped="0" failed="0" total="1" passed="1">
  <reporter-output>
  </reporter-output>
  <suite name="TestNG Cucumber Example Test" duration-ms="434" started-at="2018-06-25T15:35:15Z" finished-at="2018-06-25T15:35:16Z">
    <groups>
      <group name="examples-testng">
        <method signature="TestRunner.TestRunnerMethod()[pri:0, instance:TestRunner@2133c8f8]" name="TestRunnerMethod" class="TestRunner"/>
      </group> <!-- examples-testng -->
    </groups>
    <test name="TestNG Example Test 2" duration-ms="434" started-at="2018-06-25T15:35:15Z" finished-at="2018-06-25T15:35:16Z">
      <class name="TestRunner">
        <test-method status="PASS" signature="TestRunnerMethod()[pri:0, instance:TestRunner@2133c8f8]" name="TestRunnerMethod" duration-ms="420" started-at="2018-06-25T21:05:15Z" description="Example of using TestNGCucumberRunner to invoke Cucumber" finished-at="2018-06-25T21:05:16Z">
          <reporter-output>
          </reporter-output>
        </test-method> <!-- TestRunnerMethod -->
      </class> <!-- TestRunner -->
    </test> <!-- TestNG Example Test 2 -->
  </suite> <!-- TestNG Cucumber Example Test -->
</testng-results>
